<?xml version="1.0" encoding="utf-8"?><testsuites><testsuite errors="0" failures="0" hostname="deepanshu-Retina.local" name="pytest" skipped="0" tests="3" time="16.882" timestamp="2020-02-03T12:04:41.251210"><testcase classname="tests.test_data" file="tests/test_data.py" line="19" name="test_ranking" time="11.215"></testcase><testcase classname="tests.test_data" file="tests/test_data.py" line="37" name="test_year" time="2.821"></testcase><testcase classname="tests.test_data" file="tests/test_data.py" line="68" name="test_imdb_rating" time="2.730"></testcase></testsuite></testsuites>